app/build/intermediates/manifest_merge_blame_file/release/manifest-merger-blame-release-report.txt
1<?xml version="1.0" encoding="utf-8"?>
2<manifest xmlns:android="http://schemas.android.com/apk/res/android"
3    package="com.exemple.weatherappinwentos"
4    android:versionCode="1"
5    android:versionName="1.0" >
6
7    <uses-sdk
8        android:minSdkVersion="19"
8-->src\main\AndroidManifest.xml
9        android:targetSdkVersion="26" />
9-->src\main\AndroidManifest.xml
10
11    <uses-permission android:name="android.permission.INTERNET" />
11-->src\main\AndroidManifest.xml:5:5-67
11-->src\main\AndroidManifest.xml:5:22-64
12
13    <application
13-->src\main\AndroidManifest.xml:7:5-22:19
14        android:allowBackup="true"
14-->src\main\AndroidManifest.xml:8:9-35
15        android:icon="@mipmap/ic_launcher"
15-->src\main\AndroidManifest.xml:9:9-43
16        android:label="@string/app_name"
16-->src\main\AndroidManifest.xml:10:9-41
17        android:roundIcon="@mipmap/ic_launcher_round"
17-->src\main\AndroidManifest.xml:11:9-54
18        android:supportsRtl="true"
18-->src\main\AndroidManifest.xml:12:9-35
19        android:theme="@style/Theme.AppCompat.Light.NoActionBar" >
19-->src\main\AndroidManifest.xml:13:9-65
20        <activity android:name="com.example.weatherappinventos.SecondActivity" />
20-->src\main\AndroidManifest.xml:14:9-52
20-->src\main\AndroidManifest.xml:14:19-49
21        <activity android:name="com.example.weatherappinventos.MainActivity" >
21-->src\main\AndroidManifest.xml:15:9-21:20
21-->src\main\AndroidManifest.xml:15:19-47
22            <intent-filter>
22-->src\main\AndroidManifest.xml:16:13-20:29
23                <action android:name="android.intent.action.MAIN" />
23-->src\main\AndroidManifest.xml:17:17-69
23-->src\main\AndroidManifest.xml:17:25-66
24
25                <category android:name="android.intent.category.LAUNCHER" />
25-->src\main\AndroidManifest.xml:19:17-77
25-->src\main\AndroidManifest.xml:19:27-74
26            </intent-filter>
27        </activity>
28
29        <meta-data
29-->[com.android.support:design:26.1.0] AndroidManifest.xml:26:9-28:38
30            android:name="android.support.VERSION"
30-->[com.android.support:design:26.1.0] AndroidManifest.xml:27:13-51
31            android:value="26.1.0" />
31-->[com.android.support:design:26.1.0] AndroidManifest.xml:28:13-35
32
33        <provider
33-->[android.arch.lifecycle:extensions:1.1.1] AndroidManifest.xml:23:9-27:43
34            android:name="android.arch.lifecycle.ProcessLifecycleOwnerInitializer"
34-->[android.arch.lifecycle:extensions:1.1.1] AndroidManifest.xml:24:13-83
35            android:authorities="com.exemple.weatherappinwentos.lifecycle-trojan"
35-->[android.arch.lifecycle:extensions:1.1.1] AndroidManifest.xml:25:13-68
36            android:exported="false"
36-->[android.arch.lifecycle:extensions:1.1.1] AndroidManifest.xml:26:13-37
37            android:multiprocess="true" />
37-->[android.arch.lifecycle:extensions:1.1.1] AndroidManifest.xml:27:13-40
38    </application>
39
40</manifest>